Построение начато 06.05.2014 20:15:55.
     1>Проект "D:\Docs\_Politex\3sem\4M\Lab2\L2\lu1\lu1\lu1.vcxproj" в узле 2 (целевые объекты build).
     1>InitializeBuildStatus:
         Обращение к "Debug\lu1.unsuccessfulbuild".
       GenerateTargetFrameworkMonikerAttribute:
       Целевой объект "GenerateTargetFrameworkMonikerAttribute" пропускается, так как все выходные файлы актуальны по отношению к входным.
       ClCompile:
         C:\Program Files (x86)\Microsoft Visual Studio 10.0\VC\bin\CL.exe /c /AI"C:\Program Files (x86)\Reference Assemblies\Microsoft\Framework\.NETFramework\v4.0" /Zi /clr /nologo /W3 /WX- /Od /Oy- /D WIN32 /D _DEBUG /D _UNICODE /D UNICODE /EHa /MDd /GS /fp:precise /Zc:wchar_t /Zc:forScope /Fo"Debug\\" /Fd"Debug\vc100.pdb" /TP /analyze- /errorReport:prompt lu1.cpp /clr:nostdlib 
         lu1.cpp
         Для всех выходных данных обновления не требуется.
       Link:
         C:\Program Files (x86)\Microsoft Visual Studio 10.0\VC\bin\link.exe /ERRORREPORT:PROMPT /OUT:"D:\Docs\_Politex\3sem\4M\Lab2\L2\lu1\Debug\lu1.exe" /INCREMENTAL /NOLOGO /MANIFEST /ManifestFile:"Debug\lu1.exe.intermediate.manifest" /MANIFESTUAC:"level='asInvoker' uiAccess='false'" /DEBUG /PDB:"D:\Docs\_Politex\3sem\4M\Lab2\L2\lu1\Debug\lu1.pdb" /ASSEMBLYDEBUG /TLBID:1 /DYNAMICBASE /FIXED:NO /NXCOMPAT /MACHINE:X86 Debug\lu1.obj
         "Debug\.NETFramework,Version=v4.0.AssemblyAttributes.obj"
         lu1.vcxproj -> D:\Docs\_Politex\3sem\4M\Lab2\L2\lu1\Debug\lu1.exe
       Manifest:
         C:\Program Files (x86)\Microsoft SDKs\Windows\v7.0A\bin\mt.exe /nologo /verbose /outputresource:"D:\Docs\_Politex\3sem\4M\Lab2\L2\lu1\Debug\lu1.exe;#1" /manifest Debug\lu1.exe.intermediate.manifest
       FinalizeBuildStatus:
         Файл "Debug\lu1.unsuccessfulbuild" удаляется.
         Обращение к "Debug\lu1.lastbuildstate".
     1>Построение проекта "D:\Docs\_Politex\3sem\4M\Lab2\L2\lu1\lu1\lu1.vcxproj" завершено (целевые объекты build).

Построение успешно завершено.

Затраченное время: 00:00:02.24
