Построение начато 25.02.2014 11:29:32.
     1>Проект "D:\Docs\_Politex\2sem\OS\Lab2\Lab2\Lab2\Lab2.vcxproj" в узле 2 (целевые объекты build).
     1>InitializeBuildStatus:
         Создание "Debug\Lab2.unsuccessfulbuild", так как было задано "AlwaysCreate".
       GenerateTargetFrameworkMonikerAttribute:
       Целевой объект "GenerateTargetFrameworkMonikerAttribute" пропускается, так как все выходные файлы актуальны по отношению к входным.
       ClCompile:
         C:\Program Files (x86)\Microsoft Visual Studio 10.0\VC\bin\CL.exe /c /AI"C:\Program Files (x86)\Reference Assemblies\Microsoft\Framework\.NETFramework\v4.0" /Zi /clr /nologo /W3 /WX- /Od /Oy- /D WIN32 /D _DEBUG /D _UNICODE /D UNICODE /EHa /MDd /GS /fp:precise /Zc:wchar_t /Zc:forScope /Fo"Debug\\" /Fd"Debug\vc100.pdb" /TP /analyze- /errorReport:prompt Lab2.cpp /clr:nostdlib 
         Lab2.cpp
         Для всех выходных данных обновления не требуется.
       Link:
         C:\Program Files (x86)\Microsoft Visual Studio 10.0\VC\bin\link.exe /ERRORREPORT:PROMPT /OUT:"D:\Docs\_Politex\2sem\OS\Lab2\Lab2\Debug\Lab2.exe" /INCREMENTAL /NOLOGO /MANIFEST /ManifestFile:"Debug\Lab2.exe.intermediate.manifest" /MANIFESTUAC:"level='asInvoker' uiAccess='false'" /DEBUG /PDB:"D:\Docs\_Politex\2sem\OS\Lab2\Lab2\Debug\Lab2.pdb" /ASSEMBLYDEBUG /TLBID:1 /DYNAMICBASE /FIXED:NO /NXCOMPAT /MACHINE:X86 Debug\Lab2.obj
         "Debug\.NETFramework,Version=v4.0.AssemblyAttributes.obj"
         Lab2.vcxproj -> D:\Docs\_Politex\2sem\OS\Lab2\Lab2\Debug\Lab2.exe
       Manifest:
         C:\Program Files (x86)\Microsoft SDKs\Windows\v7.0A\bin\mt.exe /nologo /verbose /outputresource:"D:\Docs\_Politex\2sem\OS\Lab2\Lab2\Debug\Lab2.exe;#1" /manifest Debug\Lab2.exe.intermediate.manifest
       FinalizeBuildStatus:
         Файл "Debug\Lab2.unsuccessfulbuild" удаляется.
         Обращение к "Debug\Lab2.lastbuildstate".
     1>Построение проекта "D:\Docs\_Politex\2sem\OS\Lab2\Lab2\Lab2\Lab2.vcxproj" завершено (целевые объекты build).

Построение успешно завершено.

Затраченное время: 00:00:04.38
